********************************************************************************
DUPLICATOR-LITE PACKAGE-LOG: 6 May 2020 13 h 31 min
NOTICE: Do NOT post to public sites or forums 
********************************************************************************
VERSION:	1.3.30
WORDPRESS:	5.4.1
PHP INFO:	7.4.1 | SAPI: apache2handler
SERVER:		Apache/2.2.34 (Unix) mod_wsgi/3.5 Python/2.7.13 PHP/7.4.1 mod_ssl/2.2.34 OpenSSL/1.0.2o DAV/2 mod_fastcgi/mod_fastcgi-SNAP-0910052141 mod_perl/2.0.11 Perl/v5.24.0 
PHP TIME LIMIT: (0) no time limit imposed 
PHP MAX MEMORY: 4294967296 (128M default) 
MEMORY STACK: 2MB

********************************************************************************
DATABASE:
********************************************************************************
BUILD MODE:   PHP(query limit - 100)
MYSQLTIMEOUT: 5000
MYSQLDUMP:    Not Supported
TABLES: total:13 | filtered:0 | create:13
FILTERED: []
SQL CREATED: 20200505_colpeint_167636b7b8aae74d7652_20200506133056_database.sql
SQL FILE SIZE: 496.04KB (507941)
SQL FILE TIME: 2020-05-06 13:31:07
SQL RUNTIME: 0.75 sec.

********************************************************************************
ARCHIVE (ZIP):
********************************************************************************
ARCHIVE DIR:  /Applications/MAMP/htdocs/wordpress
ARCHIVE FILE: 20200505_colpeint_167636b7b8aae74d7652_20200506133056_archive.zip
FILTERS: *OFF*
DIRS:
	not set
FILES:
	not set
EXTS:  not set
----------------------------------------
COMPRESSING
SIZE:	90.6MB
STATS:	Dirs 365 | Files 2,734
SQL ADDED: 20200505_colpeint_167636b7b8aae74d7652_20200506133056_database.sql
ZipArchive Object
(
    [status] => 0
    [statusSys] => 0
    [numFiles] => 3099
    [filename] => /Applications/MAMP/htdocs/wordpress/wp-snapshots/tmp/20200505_colpeint_167636b7b8aae74d7652_20200506133056_archive.zip
    [comment] => 
)

FILE ADDED TO ZIP: 3098
COMPRESSION RESULT: '1'
COMPRESSED SIZE: 51.55MB
ARCHIVE RUNTIME: 16.88 sec.
MEMORY STACK: 4MB
building installer
add_extra_files1
add_extra_files2
add_extra_files3
add_extra_files4
Doing archive file check
add_extra_files5
add_extra_files6
add_extra_files8
Successfully opened zip /Applications/MAMP/htdocs/wordpress/wp-snapshots/tmp/20200505_colpeint_167636b7b8aae74d7652_20200506133056_archive.zip
Adding enhanced installer files to archive using ZipArchive
Installer files added to archive
Added to archive
After ziparchive close when adding installer

********************************************************************************
INTEGRITY CHECKS:
********************************************************************************
SQL FILE: 496.04KB
INSTALLER FILE: 61.32KB
ARCHIVE FILE: 52.88MB 
COMPTE ATTENDU DE FICHIERS/RÉPERTOIRES : 3,099
COMPTE ACTUEL DE FICHIERS/RÉPERTOIRES : 3,098
TEST DE COHÉRENCE D’ARCHIVE : Bon

********************************************************************************
RECORD ID:[2]
TOTAL PROCESS RUNTIME: 22.16 sec.
PEAK PHP MEMORY USED: 4MB
DONE PROCESSING => 20200505_colpeint 6 May 2020 13 h 31 min

